[31m[Nest] 16216  - [39m12/06/2025, 7:31:54 AM [31m  ERROR[39m [38;5;3m[NestApplication] [39m[31mError: listen EADDRINUSE: address already in use :::3001[39m[38;5;3m +2ms[39m
node:net:1940
    const ex = new UVExceptionWithHostPort(err, 'listen', address, port);
               ^

Error: listen EADDRINUSE: address already in use :::3001
    at Server.setupListenHandle [as _listen2] (node:net:1940:16)
    at listenInCluster (node:net:1997:12)
    at Server.listen (node:net:2102:7)
    at ExpressAdapter.listen (C:\Users\ashse\Documents\VeroField\Training\VeroField\node_modules\@nestjs\platform-express\adapters\express-adapter.js:95:32)
    at C:\Users\ashse\Documents\VeroField\Training\VeroField\node_modules\@nestjs\core\nest-application.js:183:30
    at new Promise (<anonymous>)
    at NestApplication.listen (C:\Users\ashse\Documents\VeroField\Training\VeroField\node_modules\@nestjs\core\nest-application.js:173:16)
    at async bootstrap (C:\Users\ashse\Documents\VeroField\Training\VeroField\apps\api\dist\apps\api\src\main.js:102:5) {
  code: 'EADDRINUSE',
  errno: -4091,
  syscall: 'listen',
  address: '::',
  port: 3001
}

Node.js v22.18.0
